0 info it worked if it ends with ok
1 verbose cli [ '/usr/local/bin/node', '/usr/local/bin/npm', 'run', 'scss' ]
2 info using npm@3.10.10
3 info using node@v6.11.2
4 verbose run-script [ 'prescss', 'scss', 'postscss' ]
5 info lifecycle confusion@1.0.0~prescss: confusion@1.0.0
6 silly lifecycle confusion@1.0.0~prescss: no script for prescss, continuing
7 info lifecycle confusion@1.0.0~scss: confusion@1.0.0
8 verbose lifecycle confusion@1.0.0~scss: unsafe-perm in lifecycle true
9 verbose lifecycle confusion@1.0.0~scss: PATH: /usr/local/lib/node_modules/npm/bin/node-gyp-bin:/Users/sarthakbabbar/Documents/Coursera/Full Stack/Front End /Bootstrap4/conFusion/node_modules/.bin:/Library/Frameworks/Python.framework/Versions/3.6/bin://anaconda/bin:/usr/local/Cellar/emacs/25.2:/usr/local/bin:/usr/bin:/bin:/usr/sbin:/sbin:/opt/X11/bin
10 verbose lifecycle confusion@1.0.0~scss: CWD: /Users/sarthakbabbar/Documents/Coursera/Full Stack/Front End /Bootstrap4/conFusion
11 silly lifecycle confusion@1.0.0~scss: Args: [ '-c', 'node-sass -o css/ css/' ]
12 info lifecycle confusion@1.0.0~scss: Failed to exec scss script
13 verbose stack Error: confusion@1.0.0 scss: `node-sass -o css/ css/`
13 verbose stack spawn ENOENT
13 verbose stack     at ChildProcess.<anonymous> (/usr/local/lib/node_modules/npm/lib/utils/spawn.js:33:16)
13 verbose stack     at emitTwo (events.js:106:13)
13 verbose stack     at ChildProcess.emit (events.js:191:7)
13 verbose stack     at maybeClose (internal/child_process.js:891:16)
13 verbose stack     at Process.ChildProcess._handle.onexit (internal/child_process.js:226:5)
14 verbose pkgid confusion@1.0.0
15 verbose cwd /Users/sarthakbabbar/Documents/Coursera/Full Stack/Front End /Bootstrap4/conFusion/css
16 error Darwin 17.3.0
17 error argv "/usr/local/bin/node" "/usr/local/bin/npm" "run" "scss"
18 error node v6.11.2
19 error npm  v3.10.10
20 error file sh
21 error code ELIFECYCLE
22 error errno ENOENT
23 error syscall spawn
24 error confusion@1.0.0 scss: `node-sass -o css/ css/`
24 error spawn ENOENT
25 error Failed at the confusion@1.0.0 scss script 'node-sass -o css/ css/'.
25 error Make sure you have the latest version of node.js and npm installed.
25 error If you do, this is most likely a problem with the confusion package,
25 error not with npm itself.
25 error Tell the author that this fails on your system:
25 error     node-sass -o css/ css/
25 error You can get information on how to open an issue for this project with:
25 error     npm bugs confusion
25 error Or if that isn't available, you can get their info via:
25 error     npm owner ls confusion
25 error There is likely additional logging output above.
26 verbose exit [ 1, true ]
